<?xml version="1.0" encoding="UTF-8"?>
<!-- Generated by org.testng.reporters.JUnitReportReporter -->
<testsuite hostname="LAPTOP-V6C11AH6" failures="0" tests="1" name="Phase3End.CollectionPhase3" time="8.117" errors="0" timestamp="20 Jul 2022 16:45:20 GMT" skipped="0">
  <testcase classname="Phase3End.CollectionPhase3" name="Collection" time="8.117"/>
</testsuite> <!-- Phase3End.CollectionPhase3 -->
